<?xml version="1.0" encoding="UTF-8"?>
<!-- Generated by org.testng.reporters.JUnitReportReporter -->
<testsuite skipped="0" hostname="Keerthi-PC" name="testScripts.Module1" tests="2" failures="0" timestamp="28 Mar 2020 12:49:58 GMT" time="53.961" errors="0">
  <testcase name="TC101" time="32.156" classname="testScripts.Module1"/>
  <testcase name="TC102" time="21.805" classname="testScripts.Module1"/>
</testsuite> <!-- testScripts.Module1 -->
